Using pre-set license
Built from '2020.3/release' branch; Version is '2020.3.1f1 (77a89f25062f) revision 7841951'; Using compiler version '192528614'; Build Type 'Release'
OS: 'Windows 10 Home; OS build 19044.2251; Version 2009; 64bit' Language: 'ko' Physical Memory: 16057 MB
BatchMode: 1, IsHumanControllingUs: 0, StartBugReporterOnCrash: 0, Is64bit: 1, IsPro: 0

 COMMAND LINE ARGUMENTS:
C:\Program Files\2020.3.1f1\Editor\Unity.exe
-adb2
-batchMode
-noUpm
-name
AssetImportWorker0
-projectPath
D:/study/coding/unity3d/20221116/DartGame_2018108254_ktg
-logFile
Logs/AssetImportWorker0.log
-srvPort
59627
Successfully changed project path to: D:/study/coding/unity3d/20221116/DartGame_2018108254_ktg
D:/study/coding/unity3d/20221116/DartGame_2018108254_ktg
Using Asset Import Pipeline V2.
Refreshing native plugins compatible for Editor in 82.96 ms, found 0 plugins.
Preloading 0 native plugins for Editor in 0.00 ms.
Initialize engine version: 2020.3.1f1 (77a89f25062f)
[Subsystems] Discovering subsystems at path C:/Program Files/2020.3.1f1/Editor/Data/Resources/UnitySubsystems
[Subsystems] Discovering subsystems at path D:/study/coding/unity3d/20221116/DartGame_2018108254_ktg/Assets
GfxDevice: creating device client; threaded=0
Direct3D:
    Version:  Direct3D 11.0 [level 11.1]
    Renderer: NVIDIA GeForce MX450 (ID=0x1f97)
    Vendor:   
    VRAM:     1928 MB
    Driver:   31.0.15.1748
Initialize mono
Mono path[0] = 'C:/Program Files/2020.3.1f1/Editor/Data/Managed'
Mono path[1] = 'C:/Program Files/2020.3.1f1/Editor/Data/MonoBleedingEdge/lib/mono/unityjit'
Mono config path = 'C:/Program Files/2020.3.1f1/Editor/Data/MonoBleedingEdge/etc'
Using monoOptions --debugger-agent=transport=dt_socket,embedding=1,server=y,suspend=n,address=127.0.0.1:56020
Begin MonoManager ReloadAssembly
Registering precompiled unity dll's ...
Register platform support module: C:/Program Files/2020.3.1f1/Editor/Data/PlaybackEngines/WebGLSupport/UnityEditor.WebGL.Extensions.dll
Register platform support module: C:/Program Files/2020.3.1f1/Editor/Data/PlaybackEngines/WindowsStandaloneSupport/UnityEditor.WindowsStandalone.Extensions.dll
Registered in 0.004726 seconds.
Native extension for WindowsStandalone target not found
Native extension for WebGL target not found
Refreshing native plugins compatible for Editor in 76.38 ms, found 0 plugins.
Preloading 0 native plugins for Editor in 0.00 ms.
Invoked RoslynAnalysisRunner static constructor.
RoslynAnalysisRunner will not be running.
RoslynAnalysisRunner has terminated.
Mono: successfully reloaded assembly
- Completed reload, in  2.432 seconds
Platform modules already initialized, skipping
Registering precompiled user dll's ...
Registered in 0.001361 seconds.
Begin MonoManager ReloadAssembly
Native extension for WindowsStandalone target not found
Native extension for WebGL target not found
Refreshing native plugins compatible for Editor in 0.42 ms, found 0 plugins.
Preloading 0 native plugins for Editor in 0.00 ms.
Invoked RoslynAnalysisRunner static constructor.
RoslynAnalysisRunner will not be running.
RoslynAnalysisRunner has terminated.
Mono: successfully reloaded assembly
- Completed reload, in  1.736 seconds
Platform modules already initialized, skipping
========================================================================
Worker process is ready to serve import requests
Launched and connected shader compiler UnityShaderCompiler.exe after 0.09 seconds
Refreshing native plugins compatible for Editor in 0.47 ms, found 0 plugins.
Preloading 0 native plugins for Editor in 0.00 ms.
Unloading 1245 Unused Serialized files (Serialized files now loaded: 0)
System memory in use before: 88.6 MB.
System memory in use after: 88.4 MB.

Unloading 12 unused Assets to reduce memory usage. Loaded Objects now: 1716.
Total: 3.220700 ms (FindLiveObjects: 0.223700 ms CreateObjectMapping: 0.058800 ms MarkObjects: 2.184700 ms  DeleteObjects: 0.751700 ms)

========================================================================
Received Import Request.
  path: Assets/BamsongiCtrl.cs
  artifactKey: Guid(c19c829e9e04d9b4986d01c8c163ec28) Importer(815301076,1909f56bfc062723c751e8b465ee728b)
Start importing Assets/BamsongiCtrl.cs using Guid(c19c829e9e04d9b4986d01c8c163ec28) Importer(815301076,1909f56bfc062723c751e8b465ee728b)  -> (artifact id: '199ac0cd75d160662344eea44b16d356') in 0.086898 seconds
  Import took 0.092453 seconds .

========================================================================
Received Import Request.
  Time since last request: 0.000291 seconds.
  path: Assets/BamsongiGenerator.cs
  artifactKey: Guid(7bd834f353b559a449f19a75585cdefb) Importer(815301076,1909f56bfc062723c751e8b465ee728b)
Start importing Assets/BamsongiGenerator.cs using Guid(7bd834f353b559a449f19a75585cdefb) Importer(815301076,1909f56bfc062723c751e8b465ee728b)  -> (artifact id: 'd8db097c1934e37c00f2132c9c0ea9ac') in 0.010158 seconds
  Import took 0.014290 seconds .

AssetImportWorkerClient::OnTransportError - code=2 error=End of file
